<?xml version="1.0" encoding="UTF-8"?>
<!-- Generated by org.testng.reporters.JUnitReportReporter -->
<testsuite hostname="subbu" failures="0" tests="3" name="package1.Academy_Students" time="16.297" errors="0" timestamp="2022-12-21T10:13:31 IST" skipped="0">
  <testcase classname="package1.Academy_Students" name="main" time="5.279"/>
  <system-out/>
  <testcase classname="package1.Academy_Students" name="main" time="5.689"/>
  <system-out/>
  <testcase classname="package1.Academy_Students" name="main" time="5.329"/>
  <system-out/>
</testsuite> <!-- package1.Academy_Students -->
