<?xml version="1.0" encoding="UTF-8"?>
<!-- Generated by org.testng.reporters.JUnitReportReporter -->
<testsuite hostname="subbu" failures="0" tests="1" name="package1.Base_test" time="101.650" errors="0" timestamp="2022-12-12T14:31:10 IST" skipped="0">
  <testcase classname="package1.Base_test" name="intilizedriver" time="101.650"/>
  <system-out/>
</testsuite> <!-- package1.Base_test -->
