<?xml version="1.0" encoding="UTF-8"?>
<!-- Generated by org.testng.reporters.JUnitReportReporter -->
<testsuite hostname="subbu" failures="0" tests="6" name="com.Groups.Groups2_Pratice" time="0.019" errors="0" timestamp="2022-12-10T22:06:55 IST" skipped="0">
  <testcase classname="com.Groups.Groups2_Pratice" name="testcase11" time="0.001"/>
  <system-out/>
  <testcase classname="com.Groups.Groups2_Pratice" name="testcase10" time="0.001"/>
  <system-out/>
  <testcase classname="com.Groups.Groups2_Pratice" name="testcase12" time="0.012"/>
  <system-out/>
  <testcase classname="com.Groups.Groups2_Pratice" name="testcase8" time="0.002"/>
  <system-out/>
  <testcase classname="com.Groups.Groups2_Pratice" name="testcase9" time="0.002"/>
  <system-out/>
  <testcase classname="com.Groups.Groups2_Pratice" name="testcase7" time="0.001"/>
  <system-out/>
</testsuite> <!-- com.Groups.Groups2_Pratice -->
