<?xml version="1.0" encoding="UTF-8"?>
<!-- Generated by org.testng.reporters.JUnitReportReporter -->
<testsuite hostname="subbu" failures="0" tests="3" name="com.practice1.Apache_File" time="0.010" errors="0" timestamp="2022-12-20T14:06:06 IST" skipped="0">
  <testcase classname="com.practice1.Apache_File" name="getdata" time="0.007"/>
  <system-out/>
  <testcase classname="com.practice1.Apache_File" name="getdata" time="0.002"/>
  <system-out/>
  <testcase classname="com.practice1.Apache_File" name="getdata" time="0.001"/>
  <system-out/>
</testsuite> <!-- com.practice1.Apache_File -->
