<?xml version="1.0" encoding="UTF-8"?>
<!-- Generated by org.testng.reporters.JUnitReportReporter -->
<testsuite hostname="subbu" failures="0" tests="1" name="ReportsGenerater" time="5.093" errors="0" timestamp="2022-12-15T14:33:43 IST" skipped="0">
  <testcase classname="ReportsGenerater" name="testSample" time="5.093"/>
  <system-out/>
</testsuite> <!-- ReportsGenerater -->
