<?xml version="1.0" encoding="UTF-8"?>
<!-- Generated by org.testng.reporters.JUnitReportReporter -->
<testsuite hostname="subbu" failures="0" tests="1" name="com.practice1.Apsrtc_BusApp" time="17.087" errors="0" timestamp="2022-11-28T15:27:00 IST" skipped="0">
  <testcase classname="com.practice1.Apsrtc_BusApp" name="first_Class" time="17.087"/>
  <system-out/>
</testsuite> <!-- com.practice1.Apsrtc_BusApp -->
