<?xml version="1.0" encoding="UTF-8"?>
<!-- Generated by org.testng.reporters.JUnitReportReporter -->
<testsuite hostname="subbu" failures="0" tests="1" name="package1.Login_From" time="8.116" errors="0" timestamp="2022-12-13T22:55:52 IST" skipped="0">
  <testcase classname="package1.Login_From" name="main_Page" time="8.116"/>
  <system-out/>
</testsuite> <!-- package1.Login_From -->
