<?xml version="1.0" encoding="UTF-8"?>
<!-- Generated by org.testng.reporters.JUnitReportReporter -->
<testsuite hostname="subbu" failures="0" tests="1" name="com.Groups.Groups_Practice" time="0.017" errors="0" timestamp="2022-12-10T22:04:24 IST" skipped="0">
  <testcase classname="com.Groups.Groups_Practice" name="testcase6" time="0.017"/>
  <system-out/>
</testsuite> <!-- com.Groups.Groups_Practice -->
