<?xml version="1.0" encoding="UTF-8"?>
<!-- Generated by org.testng.reporters.JUnitReportReporter -->
<testsuite hostname="subbu" failures="0" tests="3" name="com.pratice2.Listens" time="18.632" errors="0" timestamp="2022-12-02T17:06:21 IST" skipped="0">
  <testcase classname="com.pratice2.Listens" name="open_Browser" time="5.550"/>
  <system-out/>
  <testcase classname="com.pratice2.Listens" name="Action_OnBrowser" time="8.656"/>
  <system-out/>
  <testcase classname="com.pratice2.Listens" name="close_Browser" time="4.426"/>
  <system-out/>
</testsuite> <!-- com.pratice2.Listens -->
